# JRE version: OpenJDK Runtime Environment (8.0_121-b13) (build 1.8.0_121-8u121-b13-0ubuntu1.16.04.2-b13)
# Java VM: OpenJDK 64-Bit Server VM (25.121-b13 mixed mode linux-amd64 compressed oops)
Heap:
 PSYoungGen      total 129536K, used 91136K [0x00000000ec100000, 0x00000000fa680000, 0x0000000100000000)
  eden space 38400K, 0% used [0x00000000ec100000,0x00000000ec100000,0x00000000ee680000)
  from space 91136K, 100% used [0x00000000f4d80000,0x00000000fa680000,0x00000000fa680000)
  to   space 83456K, 0% used [0x00000000ee680000,0x00000000ee680000,0x00000000f3800000)
 ParOldGen       total 235008K, used 165152K [0x00000000c4200000, 0x00000000d2780000, 0x00000000ec100000)
  object space 235008K, 70% used [0x00000000c4200000,0x00000000ce348368,0x00000000d2780000)
 Metaspace       used 11863K, capacity 12050K, committed 12288K, reserved 1060864K
  class space    used 1340K, capacity 1420K, committed 1536K, reserved 1048576K
GC Heap History (10 events):
Event: 4.043 GC heap after
Heap after GC invocations=9 (full 3):
 PSYoungGen      total 71680K, used 31712K [0x00000000ec100000, 0x00000000f3c80000, 0x0000000100000000)
  eden space 36352K, 0% used [0x00000000ec100000,0x00000000ec100000,0x00000000ee480000)
  from space 35328K, 89% used [0x00000000f0c00000,0x00000000f2af8000,0x00000000f2e80000)
  to   space 40448K, 0% used [0x00000000ee480000,0x00000000ee480000,0x00000000f0c00000)
 ParOldGen       total 146432K, used 70041K [0x00000000c4200000, 0x00000000cd100000, 0x00000000ec100000)
  object space 146432K, 47% used [0x00000000c4200000,0x00000000c8666528,0x00000000cd100000)
 Metaspace       used 11862K, capacity 12050K, committed 12288K, reserved 1060864K
  class space    used 1340K, capacity 1420K, committed 1536K, reserved 1048576K
}
Event: 4.054 GC heap before
{Heap before GC invocations=10 (full 3):
 PSYoungGen      total 71680K, used 68064K [0x00000000ec100000, 0x00000000f3c80000, 0x0000000100000000)
  eden space 36352K, 100% used [0x00000000ec100000,0x00000000ee480000,0x00000000ee480000)
  from space 35328K, 89% used [0x00000000f0c00000,0x00000000f2af8000,0x00000000f2e80000)
  to   space 40448K, 0% used [0x00000000ee480000,0x00000000ee480000,0x00000000f0c00000)
 ParOldGen       total 146432K, used 70041K [0x00000000c4200000, 0x00000000cd100000, 0x00000000ec100000)
  object space 146432K, 47% used [0x00000000c4200000,0x00000000c8666528,0x00000000cd100000)
 Metaspace       used 11862K, capacity 12050K, committed 12288K, reserved 1060864K
  class space    used 1340K, capacity 1420K, committed 1536K, reserved 1048576K
Event: 5.032 GC heap after
Heap after GC invocations=10 (full 3):
 PSYoungGen      total 76800K, used 40448K [0x00000000ec100000, 0x00000000f7780000, 0x0000000100000000)
  eden space 36352K, 0% used [0x00000000ec100000,0x00000000ec100000,0x00000000ee480000)
  from space 40448K, 100% used [0x00000000ee480000,0x00000000f0c00000,0x00000000f0c00000)
  to   space 65024K, 0% used [0x00000000f3800000,0x00000000f3800000,0x00000000f7780000)
 ParOldGen       total 146432K, used 105081K [0x00000000c4200000, 0x00000000cd100000, 0x00000000ec100000)
  object space 146432K, 71% used [0x00000000c4200000,0x00000000ca89e528,0x00000000cd100000)
 Metaspace       used 11862K, capacity 12050K, committed 12288K, reserved 1060864K
  class space    used 1340K, capacity 1420K, committed 1536K, reserved 1048576K
}
Event: 5.046 GC heap before
{Heap before GC invocations=11 (full 3):
 PSYoungGen      total 76800K, used 76800K [0x00000000ec100000, 0x00000000f7780000, 0x0000000100000000)
  eden space 36352K, 100% used [0x00000000ec100000,0x00000000ee480000,0x00000000ee480000)
  from space 40448K, 100% used [0x00000000ee480000,0x00000000f0c00000,0x00000000f0c00000)
  to   space 65024K, 0% used [0x00000000f3800000,0x00000000f3800000,0x00000000f7780000)
 ParOldGen       total 146432K, used 105081K [0x00000000c4200000, 0x00000000cd100000, 0x00000000ec100000)
  object space 146432K, 71% used [0x00000000c4200000,0x00000000ca89e528,0x00000000cd100000)
 Metaspace       used 11863K, capacity 12050K, committed 12288K, reserved 1060864K
  class space    used 1340K, capacity 1420K, committed 1536K, reserved 1048576K
Event: 5.131 GC heap after
Heap after GC invocations=11 (full 3):
 PSYoungGen      total 103424K, used 65024K [0x00000000ec100000, 0x00000000f9d00000, 0x0000000100000000)
  eden space 38400K, 0% used [0x00000000ec100000,0x00000000ec100000,0x00000000ee680000)
  from space 65024K, 100% used [0x00000000f3800000,0x00000000f7780000,0x00000000f7780000)
  to   space 83456K, 0% used [0x00000000ee680000,0x00000000ee680000,0x00000000f3800000)
 ParOldGen       total 146432K, used 120889K [0x00000000c4200000, 0x00000000cd100000, 0x00000000ec100000)
  object space 146432K, 82% used [0x00000000c4200000,0x00000000cb80e528,0x00000000cd100000)
 Metaspace       used 11863K, capacity 12050K, committed 12288K, reserved 1060864K
  class space    used 1340K, capacity 1420K, committed 1536K, reserved 1048576K
}
Event: 5.131 GC heap before
{Heap before GC invocations=12 (full 4):
 PSYoungGen      total 103424K, used 65024K [0x00000000ec100000, 0x00000000f9d00000, 0x0000000100000000)
  eden space 38400K, 0% used [0x00000000ec100000,0x00000000ec100000,0x00000000ee680000)
  from space 65024K, 100% used [0x00000000f3800000,0x00000000f7780000,0x00000000f7780000)
  to   space 83456K, 0% used [0x00000000ee680000,0x00000000ee680000,0x00000000f3800000)
 ParOldGen       total 146432K, used 120889K [0x00000000c4200000, 0x00000000cd100000, 0x00000000ec100000)
  object space 146432K, 82% used [0x00000000c4200000,0x00000000cb80e528,0x00000000cd100000)
 Metaspace       used 11863K, capacity 12050K, committed 12288K, reserved 1060864K
  class space    used 1340K, capacity 1420K, committed 1536K, reserved 1048576K
Event: 5.223 GC heap after
Heap after GC invocations=12 (full 4):
 PSYoungGen      total 103424K, used 26235K [0x00000000ec100000, 0x00000000f9d00000, 0x0000000100000000)
  eden space 38400K, 0% used [0x00000000ec100000,0x00000000ec100000,0x00000000ee680000)
  from space 65024K, 40% used [0x00000000f3800000,0x00000000f519ed50,0x00000000f7780000)
  to   space 83456K, 0% used [0x00000000ee680000,0x00000000ee680000,0x00000000f3800000)
 ParOldGen       total 235008K, used 145992K [0x00000000c4200000, 0x00000000d2780000, 0x00000000ec100000)
  object space 235008K, 62% used [0x00000000c4200000,0x00000000cd092368,0x00000000d2780000)
 Metaspace       used 11863K, capacity 12050K, committed 12288K, reserved 1060864K
  class space    used 1340K, capacity 1420K, committed 1536K, reserved 1048576K
}
Event: 5.233 GC heap before
{Heap before GC invocations=13 (full 4):
 PSYoungGen      total 103424K, used 64635K [0x00000000ec100000, 0x00000000f9d00000, 0x0000000100000000)
  eden space 38400K, 100% used [0x00000000ec100000,0x00000000ee680000,0x00000000ee680000)
  from space 65024K, 40% used [0x00000000f3800000,0x00000000f519ed50,0x00000000f7780000)
  to   space 83456K, 0% used [0x00000000ee680000,0x00000000ee680000,0x00000000f3800000)
 ParOldGen       total 235008K, used 145992K [0x00000000c4200000, 0x00000000d2780000, 0x00000000ec100000)
  object space 235008K, 62% used [0x00000000c4200000,0x00000000cd092368,0x00000000d2780000)
 Metaspace       used 11863K, capacity 12050K, committed 12288K, reserved 1060864K
  class space    used 1340K, capacity 1420K, committed 1536K, reserved 1048576K
Event: 5.267 GC heap after
Heap after GC invocations=13 (full 4):
 PSYoungGen      total 121856K, used 66784K [0x00000000ec100000, 0x00000000fa680000, 0x0000000100000000)
  eden space 38400K, 0% used [0x00000000ec100000,0x00000000ec100000,0x00000000ee680000)
  from space 83456K, 80% used [0x00000000ee680000,0x00000000f27b8000,0x00000000f3800000)
  to   space 91136K, 0% used [0x00000000f4d80000,0x00000000f4d80000,0x00000000fa680000)
 ParOldGen       total 235008K, used 145992K [0x00000000c4200000, 0x00000000d2780000, 0x00000000ec100000)
  object space 235008K, 62% used [0x00000000c4200000,0x00000000cd092368,0x00000000d2780000)
 Metaspace       used 11863K, capacity 12050K, committed 12288K, reserved 1060864K
  class space    used 1340K, capacity 1420K, committed 1536K, reserved 1048576K
}
Event: 5.278 GC heap before
{Heap before GC invocations=14 (full 4):
 PSYoungGen      total 121856K, used 105184K [0x00000000ec100000, 0x00000000fa680000, 0x0000000100000000)
  eden space 38400K, 100% used [0x00000000ec100000,0x00000000ee680000,0x00000000ee680000)
  from space 83456K, 80% used [0x00000000ee680000,0x00000000f27b8000,0x00000000f3800000)
  to   space 91136K, 0% used [0x00000000f4d80000,0x00000000f4d80000,0x00000000fa680000)
 ParOldGen       total 235008K, used 145992K [0x00000000c4200000, 0x00000000d2780000, 0x00000000ec100000)
  object space 235008K, 62% used [0x00000000c4200000,0x00000000cd092368,0x00000000d2780000)
 Metaspace       used 11863K, capacity 12050K, committed 12288K, reserved 1060864K
  class space    used 1340K, capacity 1420K, committed 1536K, reserved 1048576K

